<?xml version="1.0" encoding="UTF-8" ?>
<testsuite tests="8" failures="0" name="models.HeroTest" time="0.01" errors="0" skipped="0">
  <properties>
[...]
</properties>
  <testcase classname="models.HeroTest" name="getHeroName_true" time="0.008"/>
  <testcase classname="models.HeroTest" name="getHeroList_storeTwoHeroes_true" time="0"/>
  <testcase classname="models.HeroTest" name="deleteSingleHero" time="0"/>
  <testcase classname="models.HeroTest" name="getHeroWeakness_true" time="0"/>
  <testcase classname="models.HeroTest" name="getHeroAge_int" time="0"/>
  <testcase classname="models.HeroTest" name="getHeroPower_true" time="0.001"/>
  <testcase classname="models.HeroTest" name="heroInstantiatesCorrectly" time="0"/>
  <testcase classname="models.HeroTest" name="findHero_searchForHeroById_String" time="0.001"/>
</testsuite>